1
                 Chemistry at HARvard Macromolecular Mechanics
           (CHARMM) - Developmental Version 38b1     August 15, 2013            
       Copyright(c) 1984-2001  President and Fellows of Harvard College
                              All Rights Reserved
     Current operating system: Linux-3.13.0-49-generic(x86_64)@albemarle.um     
                 Created on  5/21/15 at 16:34:14 by user: kenno       

            Maximum number of ATOMS:     25140, and RESidues:        8380
 RDTITL> * CREATE TEMPLATE CRD FILE FOR FILLING IN COORDINATES FROM QM
 RDTITL> *
  
 CHARMM>     
  
 CHARMM>    ioformat extended
 MISCOM> Expanded I/O format is used.
  
 CHARMM>     
  
 CHARMM>    !### Things that should be reconsidered for every molecule ###
 CHARMM>    set resi sulfaz
 Parameter: RESI <- "SULFAZ"
  
 CHARMM>    set bombover 0 !needs to be set to -1 for 3-membered rings
 Parameter: BOMBOVER <- "0"
  
 CHARMM>     
  
 CHARMM>    set  TOPPAR toppar
 Parameter: TOPPAR <- "TOPPAR"
  
 CHARMM>    read rtf card name @TOPPAR/top_all36_cgenff.rtf
 Parameter: TOPPAR -> "TOPPAR"
 VOPEN> Attempting to open::toppar/top_all36_cgenff.rtf::
 MAINIO> Residue topology file being read from unit  90.
 TITLE> *  --------------------------------------------------------------------------  *
 TITLE> *          CGENFF: TOPOLOGY FOR THE CHARMM GENERAL FORCE FIELD V. 3.0.1        *
 TITLE> *                    FOR SMALL MOLECULE DRUG DESIGN                            *
 TITLE> *  --------------------------------------------------------------------------  *
 TITLE> *
 VCLOSE: Closing unit   90 with status "KEEP"
  
 CHARMM>    read para card flex name @TOPPAR/par_all36_cgenff.prm
 Parameter: TOPPAR -> "TOPPAR"
 VOPEN> Attempting to open::toppar/par_all36_cgenff.prm::

          PARAMETER FILE BEING READ FROM UNIT 90
 TITLE> *  --------------------------------------------------------------------------  *
 TITLE> *         CGENFF: PARAMETERS FOR THE CHARMM GENERAL FORCE FIELD V. 3.0.1       *
 TITLE> *                    FOR SMALL MOLECULE DRUG DESIGN                            *
 TITLE> *  --------------------------------------------------------------------------  *
 TITLE> *
 PARMIO> NONBOND, HBOND lists and IMAGE atoms cleared.
 VCLOSE: Closing unit   90 with status "KEEP"
  
 CHARMM>    if @?str eq 1 stream @str
 Parameter: STR -> "TOPPAR/ACAZAM_SULFAZ_ZERODIH.STR"
 Comparing "1" and "1".
 IF test evaluated as true.  Performing command
 VOPEN> Attempting to open::toppar/acazam_sulfaz_zerodih.str::
 OPNLGU> Unit 99 opened for READONLY access to toppar/acazam_sulfaz_zerodih.str

                    INPUT STREAM SWITCHING TO UNIT    99
 RDTITL> * TOPPAR STREAM FILE GENERATED BY
 RDTITL> * CHARMM GENERAL FORCE FIELD (CGENFF) PROGRAM VERSION 0.9.6 BETA
 RDTITL> * FOR USE WITH CGENFF VERSION 2B7
 RDTITL> *
 Parameter: IN1 <- "" <empty>
  
 CHARMM>     
  
 CHARMM>    read rtf card append
 MAINIO> Residue topology file being read from unit  99.
 RDTITL> * TOPOLOGIES GENERATED BY
 RDTITL> * CHARMM GENERAL FORCE FIELD (CGENFF) PROGRAM VERSION 0.9.6 BETA
 RDTITL> *
  
 CHARMM>     
  
 CHARMM>    read param card flex append

          PARAMETER FILE BEING READ FROM UNIT 99
 RDTITL> * PARAMETERS GENERATED BY ANALOGY BY
 RDTITL> * CHARMM GENERAL FORCE FIELD (CGENFF) PROGRAM VERSION 0.9.6 BETA
 RDTITL> *
 PARMIO> NONBOND, HBOND lists and IMAGE atoms cleared.
  
 CHARMM>    RETURN
 VCLOSE: Closing unit   99 with status "KEEP"

                    RETURNING TO INPUT STREAM     5
  
 CHARMM>     
  
 CHARMM>    read sequence @resi 1
 Parameter: RESI -> "SULFAZ"
  
 CHARMM>     
  
 CHARMM>    bomlev @bombover
 Parameter: BOMBOVER -> "0"
  
 CHARMM>    generate @resi first none last none setup warn
 Parameter: RESI -> "SULFAZ"
 NO PATCHING WILL BE DONE ON THE FIRST RESIDUE
 NO PATCHING WILL BE DONE ON THE LAST  RESIDUE
 GENPSF> Segment   1 has been generated. Its identifier is SULFAZ.
 PSFSUM> PSF modified: NONBOND lists and IMAGE atoms cleared.
 PSFSUM> Summary of the structure file counters :
         Number of segments      =        1   Number of residues   =        1
         Number of atoms         =       12   Number of groups     =        1
         Number of bonds         =       12   Number of angles     =       18
         Number of dihedrals     =       21   Number of impropers  =        0
         Number of cross-terms   =        0
         Number of HB acceptors  =        0   Number of HB donors  =        0
         Number of NB exclusions =        0   Total charge =    0.00000
  
 CHARMM>    bomlev 0
  
 CHARMM>     
  
 CHARMM>    write coor card name @resi_template.crd
 Parameter: RESI -> "SULFAZ"
 VOPEN> Attempting to open::sulfaz_template.crd::
 RDTITL>  
 RDTITL> No title read.
 VCLOSE: Closing unit   90 with status "KEEP"
 VCLOSE: Closing unit   90 with status "KEEP"
  
 CHARMM>     
  
$$$$$$  New timer profile $$$$$
 Total time                      1.01 Other:            0.00

                    NORMAL TERMINATION BY END OF FILE
                    NO WARNINGS WERE ISSUED

                    $$$$$ JOB ACCOUNTING INFORMATION $$$$$
                     ELAPSED TIME:     1.03  SECONDS 
                         CPU TIME:     0.75  SECONDS 
